2025-01-27 06:21:42,481 - __main__ - INFO - Starting data download and extraction
2025-01-27 06:21:42,482 - __main__ - INFO - Downloading dataset from https://archive.ics.uci.edu/static/public/560//data/seoul+bike+sharing+demand.zip
2025-01-27 06:26:23,727 - __main__ - INFO - Starting data download and extraction
2025-01-27 06:27:32,683 - __main__ - INFO - Starting data download and extraction
2025-01-27 06:27:32,708 - __main__ - INFO - Extracting seoul+bike+sharing+demand.zip
2025-01-27 06:27:32,717 - __main__ - INFO - Extraction completed
2025-01-27 06:27:32,718 - __main__ - INFO - Loading dataset from CSV
2025-01-27 06:27:32,742 - __main__ - INFO - Dataset loaded with 8760 rows and 14 columns
2025-01-27 06:27:32,793 - __main__ - INFO - Starting hyperparameter tuning for xgboost
2025-01-27 06:27:32,796 - __main__ - INFO - Evaluating 3000 parameter combinations
2025-01-27 06:27:33,827 - __main__ - INFO - Completed 10/3000 combinations
2025-01-27 06:27:34,794 - __main__ - INFO - Completed 20/3000 combinations
2025-01-27 06:45:29,653 - __main__ - INFO - Starting data download and extraction
2025-01-27 06:45:29,656 - __main__ - INFO - Extracting seoul+bike+sharing+demand.zip
2025-01-27 06:45:29,668 - __main__ - INFO - Extraction completed
2025-01-27 06:45:29,669 - __main__ - INFO - Loading dataset from CSV
2025-01-27 06:45:29,687 - __main__ - INFO - Dataset loaded with 8760 rows and 14 columns
2025-01-27 06:45:31,025 - root - INFO - Final model RMSE: 148.2349868557521
2025-01-27 06:45:59,135 - __main__ - INFO - Starting data download and extraction
2025-01-27 06:45:59,138 - __main__ - INFO - Extracting seoul+bike+sharing+demand.zip
2025-01-27 06:45:59,144 - __main__ - INFO - Extraction completed
2025-01-27 06:45:59,145 - __main__ - INFO - Loading dataset from CSV
2025-01-27 06:45:59,164 - __main__ - INFO - Dataset loaded with 8760 rows and 14 columns
2025-01-27 06:46:00,752 - root - INFO - Final model RMSE: 148.2349868557521
2025-01-27 06:46:00,753 - root - INFO - Final r2 score: 0.9472607374191284
2025-01-27 06:48:32,637 - __main__ - INFO - Starting data download and extraction
2025-01-27 06:48:32,641 - __main__ - INFO - Extracting seoul+bike+sharing+demand.zip
2025-01-27 06:48:32,649 - __main__ - INFO - Extraction completed
2025-01-27 06:48:32,650 - __main__ - INFO - Loading dataset from CSV
2025-01-27 06:48:32,667 - __main__ - INFO - Dataset loaded with 8760 rows and 14 columns
2025-01-27 06:48:33,839 - root - INFO - Final model RMSE: 148.2349868557521
2025-01-27 06:48:33,840 - root - INFO - Final r2 score: 0.9472607374191284
2025-01-27 06:50:10,356 - __main__ - INFO - Starting data download and extraction
2025-01-27 06:50:10,359 - __main__ - INFO - Extracting seoul+bike+sharing+demand.zip
2025-01-27 06:50:10,366 - __main__ - INFO - Extraction completed
2025-01-27 06:50:10,367 - __main__ - INFO - Loading dataset from CSV
2025-01-27 06:50:10,388 - __main__ - INFO - Dataset loaded with 8760 rows and 14 columns
2025-01-27 06:50:11,471 - root - INFO - Exporting model to ./models/bike_sharing_model.pkl
2025-01-27 06:50:11,516 - root - INFO - Final model RMSE: 148.2349868557521
2025-01-27 06:50:11,516 - root - INFO - Final r2 score: 0.9472607374191284
2025-01-27 19:46:34,116 - __main__ - INFO - Loading model from D:\Machine Learning\seoul_bike_sharing_demand\models/bike_sharing_model.pkl
2025-01-27 19:46:34,119 - __main__ - INFO - Starting app
2025-01-27 19:46:34,176 - werkzeug - INFO - [31m[1mWARNING: This is a development server. Do not use it in a production deployment. Use a production WSGI server instead.[0m
 * Running on all addresses (0.0.0.0)
 * Running on http://127.0.0.1:9696
 * Running on http://192.168.100.2:9696
2025-01-27 19:46:34,177 - werkzeug - INFO - [33mPress CTRL+C to quit[0m
2025-01-27 19:46:34,213 - werkzeug - INFO -  * Restarting with watchdog (windowsapi)
2025-01-27 19:46:34,830 - __main__ - INFO - Loading model from D:\Machine Learning\seoul_bike_sharing_demand\models/bike_sharing_model.pkl
2025-01-27 19:46:34,833 - __main__ - INFO - Starting app
2025-01-27 19:46:34,854 - werkzeug - WARNING -  * Debugger is active!
2025-01-27 19:46:34,861 - werkzeug - INFO -  * Debugger PIN: 940-935-887
2025-01-27 19:46:45,681 - werkzeug - INFO - 127.0.0.1 - - [27/Jan/2025 19:46:45] "[31m[1mGET / HTTP/1.1[0m" 405 -
2025-01-27 19:46:47,046 - werkzeug - INFO - 127.0.0.1 - - [27/Jan/2025 19:46:47] "[33mGET /favicon.ico HTTP/1.1[0m" 404 -
